<?xml version="1.0" encoding="UTF-8"?>
<testsuite xmlns:xsi="http://www.w3.org/2001/XMLSchema-instance" xsi:noNamespaceSchemaLocation="https://maven.apache.org/surefire/maven-surefire-plugin/xsd/surefire-test-report.xsd" version="3.0.2" name="TestSuite" time="26.294" tests="2" errors="0" skipped="0" failures="0">
  <properties>
    <property name="java.specification.version" value="17"/>
    <property name="sun.jnu.encoding" value="UTF-8"/>
    <property name="java.class.path" value="/home/lab-01-09/Workspace/Advance Demo/Automation3.30to5.00/target/test-classes:/home/lab-01-09/Workspace/Advance Demo/Automation3.30to5.00/target/classes:/home/lab-01-09/.m2/repository/org/seleniumhq/selenium/selenium-java/4.22.0/selenium-java-4.22.0.jar:/home/lab-01-09/.m2/repository/org/seleniumhq/selenium/selenium-api/4.22.0/selenium-api-4.22.0.jar:/home/lab-01-09/.m2/repository/org/seleniumhq/selenium/selenium-chrome-driver/4.22.0/selenium-chrome-driver-4.22.0.jar:/home/lab-01-09/.m2/repository/com/google/auto/service/auto-service-annotations/1.1.1/auto-service-annotations-1.1.1.jar:/home/lab-01-09/.m2/repository/org/seleniumhq/selenium/selenium-chromium-driver/4.22.0/selenium-chromium-driver-4.22.0.jar:/home/lab-01-09/.m2/repository/org/seleniumhq/selenium/selenium-json/4.22.0/selenium-json-4.22.0.jar:/home/lab-01-09/.m2/repository/org/seleniumhq/selenium/selenium-manager/4.22.0/selenium-manager-4.22.0.jar:/home/lab-01-09/.m2/repository/org/seleniumhq/selenium/selenium-devtools-v124/4.22.0/selenium-devtools-v124-4.22.0.jar:/home/lab-01-09/.m2/repository/org/seleniumhq/selenium/selenium-devtools-v125/4.22.0/selenium-devtools-v125-4.22.0.jar:/home/lab-01-09/.m2/repository/org/seleniumhq/selenium/selenium-devtools-v126/4.22.0/selenium-devtools-v126-4.22.0.jar:/home/lab-01-09/.m2/repository/org/seleniumhq/selenium/selenium-devtools-v85/4.22.0/selenium-devtools-v85-4.22.0.jar:/home/lab-01-09/.m2/repository/org/seleniumhq/selenium/selenium-edge-driver/4.22.0/selenium-edge-driver-4.22.0.jar:/home/lab-01-09/.m2/repository/org/seleniumhq/selenium/selenium-firefox-driver/4.22.0/selenium-firefox-driver-4.22.0.jar:/home/lab-01-09/.m2/repository/org/seleniumhq/selenium/selenium-http/4.22.0/selenium-http-4.22.0.jar:/home/lab-01-09/.m2/repository/dev/failsafe/failsafe/3.3.2/failsafe-3.3.2.jar:/home/lab-01-09/.m2/repository/org/seleniumhq/selenium/selenium-ie-driver/4.22.0/selenium-ie-driver-4.22.0.jar:/home/lab-01-09/.m2/repository/org/seleniumhq/selenium/selenium-remote-driver/4.22.0/selenium-remote-driver-4.22.0.jar:/home/lab-01-09/.m2/repository/com/google/guava/guava/33.2.1-jre/guava-33.2.1-jre.jar:/home/lab-01-09/.m2/repository/com/google/guava/failureaccess/1.0.2/failureaccess-1.0.2.jar:/home/lab-01-09/.m2/repository/com/google/guava/listenablefuture/9999.0-empty-to-avoid-conflict-with-guava/listenablefuture-9999.0-empty-to-avoid-conflict-with-guava.jar:/home/lab-01-09/.m2/repository/com/google/code/findbugs/jsr305/3.0.2/jsr305-3.0.2.jar:/home/lab-01-09/.m2/repository/org/checkerframework/checker-qual/3.42.0/checker-qual-3.42.0.jar:/home/lab-01-09/.m2/repository/com/google/errorprone/error_prone_annotations/2.26.1/error_prone_annotations-2.26.1.jar:/home/lab-01-09/.m2/repository/com/google/j2objc/j2objc-annotations/3.0.0/j2objc-annotations-3.0.0.jar:/home/lab-01-09/.m2/repository/io/opentelemetry/semconv/opentelemetry-semconv/1.25.0-alpha/opentelemetry-semconv-1.25.0-alpha.jar:/home/lab-01-09/.m2/repository/io/opentelemetry/opentelemetry-api/1.39.0/opentelemetry-api-1.39.0.jar:/home/lab-01-09/.m2/repository/io/opentelemetry/opentelemetry-context/1.39.0/opentelemetry-context-1.39.0.jar:/home/lab-01-09/.m2/repository/io/opentelemetry/opentelemetry-exporter-logging/1.39.0/opentelemetry-exporter-logging-1.39.0.jar:/home/lab-01-09/.m2/repository/io/opentelemetry/opentelemetry-sdk-common/1.39.0/opentelemetry-sdk-common-1.39.0.jar:/home/lab-01-09/.m2/repository/io/opentelemetry/opentelemetry-sdk-extension-autoconfigure-spi/1.39.0/opentelemetry-sdk-extension-autoconfigure-spi-1.39.0.jar:/home/lab-01-09/.m2/repository/io/opentelemetry/opentelemetry-sdk-extension-autoconfigure/1.39.0/opentelemetry-sdk-extension-autoconfigure-1.39.0.jar:/home/lab-01-09/.m2/repository/io/opentelemetry/opentelemetry-api-incubator/1.39.0-alpha/opentelemetry-api-incubator-1.39.0-alpha.jar:/home/lab-01-09/.m2/repository/io/opentelemetry/opentelemetry-sdk-trace/1.39.0/opentelemetry-sdk-trace-1.39.0.jar:/home/lab-01-09/.m2/repository/io/opentelemetry/opentelemetry-sdk/1.39.0/opentelemetry-sdk-1.39.0.jar:/home/lab-01-09/.m2/repository/io/opentelemetry/opentelemetry-sdk-metrics/1.39.0/opentelemetry-sdk-metrics-1.39.0.jar:/home/lab-01-09/.m2/repository/io/opentelemetry/opentelemetry-sdk-logs/1.39.0/opentelemetry-sdk-logs-1.39.0.jar:/home/lab-01-09/.m2/repository/net/bytebuddy/byte-buddy/1.14.17/byte-buddy-1.14.17.jar:/home/lab-01-09/.m2/repository/org/seleniumhq/selenium/selenium-os/4.22.0/selenium-os-4.22.0.jar:/home/lab-01-09/.m2/repository/org/apache/commons/commons-exec/1.4.0/commons-exec-1.4.0.jar:/home/lab-01-09/.m2/repository/org/seleniumhq/selenium/selenium-safari-driver/4.22.0/selenium-safari-driver-4.22.0.jar:/home/lab-01-09/.m2/repository/org/seleniumhq/selenium/selenium-support/4.22.0/selenium-support-4.22.0.jar:/home/lab-01-09/.m2/repository/org/apache/poi/poi-ooxml/5.3.0/poi-ooxml-5.3.0.jar:/home/lab-01-09/.m2/repository/org/apache/poi/poi/5.3.0/poi-5.3.0.jar:/home/lab-01-09/.m2/repository/commons-codec/commons-codec/1.17.0/commons-codec-1.17.0.jar:/home/lab-01-09/.m2/repository/org/apache/commons/commons-math3/3.6.1/commons-math3-3.6.1.jar:/home/lab-01-09/.m2/repository/com/zaxxer/SparseBitSet/1.3/SparseBitSet-1.3.jar:/home/lab-01-09/.m2/repository/org/apache/poi/poi-ooxml-lite/5.3.0/poi-ooxml-lite-5.3.0.jar:/home/lab-01-09/.m2/repository/org/apache/xmlbeans/xmlbeans/5.2.1/xmlbeans-5.2.1.jar:/home/lab-01-09/.m2/repository/org/apache/commons/commons-compress/1.26.2/commons-compress-1.26.2.jar:/home/lab-01-09/.m2/repository/org/apache/commons/commons-lang3/3.14.0/commons-lang3-3.14.0.jar:/home/lab-01-09/.m2/repository/com/github/virtuald/curvesapi/1.08/curvesapi-1.08.jar:/home/lab-01-09/.m2/repository/org/apache/commons/commons-collections4/4.4/commons-collections4-4.4.jar:/home/lab-01-09/.m2/repository/org/testng/testng/7.10.2/testng-7.10.2.jar:/home/lab-01-09/.m2/repository/org/slf4j/slf4j-api/1.7.36/slf4j-api-1.7.36.jar:/home/lab-01-09/.m2/repository/com/beust/jcommander/1.82/jcommander-1.82.jar:/home/lab-01-09/.m2/repository/org/webjars/jquery/3.7.1/jquery-3.7.1.jar:/home/lab-01-09/.m2/repository/commons-io/commons-io/2.16.1/commons-io-2.16.1.jar:/home/lab-01-09/.m2/repository/org/apache/logging/log4j/log4j-core/2.23.1/log4j-core-2.23.1.jar:/home/lab-01-09/.m2/repository/org/apache/logging/log4j/log4j-api/2.23.1/log4j-api-2.23.1.jar:/home/lab-01-09/.m2/repository/io/cucumber/cucumber-java/7.18.1/cucumber-java-7.18.1.jar:/home/lab-01-09/.m2/repository/org/apiguardian/apiguardian-api/1.1.2/apiguardian-api-1.1.2.jar:/home/lab-01-09/.m2/repository/io/cucumber/cucumber-junit/7.18.1/cucumber-junit-7.18.1.jar:/home/lab-01-09/.m2/repository/junit/junit/4.13.2/junit-4.13.2.jar:/home/lab-01-09/.m2/repository/org/hamcrest/hamcrest-core/1.3/hamcrest-core-1.3.jar:/home/lab-01-09/.m2/repository/io/cucumber/cucumber-core/7.18.1/cucumber-core-7.18.1.jar:/home/lab-01-09/.m2/repository/io/cucumber/cucumber-gherkin/7.18.1/cucumber-gherkin-7.18.1.jar:/home/lab-01-09/.m2/repository/io/cucumber/cucumber-gherkin-messages/7.18.1/cucumber-gherkin-messages-7.18.1.jar:/home/lab-01-09/.m2/repository/io/cucumber/gherkin/28.0.0/gherkin-28.0.0.jar:/home/lab-01-09/.m2/repository/io/cucumber/messages/24.1.0/messages-24.1.0.jar:/home/lab-01-09/.m2/repository/io/cucumber/testng-xml-formatter/0.2.0/testng-xml-formatter-0.2.0.jar:/home/lab-01-09/.m2/repository/io/cucumber/query/12.2.0/query-12.2.0.jar:/home/lab-01-09/.m2/repository/io/cucumber/tag-expressions/6.1.0/tag-expressions-6.1.0.jar:/home/lab-01-09/.m2/repository/io/cucumber/cucumber-expressions/17.1.0/cucumber-expressions-17.1.0.jar:/home/lab-01-09/.m2/repository/io/cucumber/datatable/7.18.1/datatable-7.18.1.jar:/home/lab-01-09/.m2/repository/io/cucumber/cucumber-plugin/7.18.1/cucumber-plugin-7.18.1.jar:/home/lab-01-09/.m2/repository/io/cucumber/docstring/7.18.1/docstring-7.18.1.jar:/home/lab-01-09/.m2/repository/io/cucumber/html-formatter/21.4.1/html-formatter-21.4.1.jar:/home/lab-01-09/.m2/repository/io/cucumber/junit-xml-formatter/0.5.0/junit-xml-formatter-0.5.0.jar:/home/lab-01-09/.m2/repository/io/cucumber/ci-environment/10.0.1/ci-environment-10.0.1.jar:"/>
    <property name="java.vm.vendor" value="Eclipse Adoptium"/>
    <property name="sun.arch.data.model" value="64"/>
    <property name="java.vendor.url" value="https://adoptium.net/"/>
    <property name="user.timezone" value="Asia/Kolkata"/>
    <property name="os.name" value="Linux"/>
    <property name="java.vm.specification.version" value="17"/>
    <property name="sun.java.launcher" value="SUN_STANDARD"/>
    <property name="user.country" value="IN"/>
    <property name="sun.boot.library.path" value="/home/lab-01-09/Desktop/eclipse/plugins/org.eclipse.justj.openjdk.hotspot.jre.full.linux.x86_64_17.0.10.v20240120-1143/jre/lib"/>
    <property name="sun.java.command" value="/home/lab-01-09/Workspace/Advance Demo/Automation3.30to5.00/target/surefire/surefirebooter-20240912161657612_3.jar /home/lab-01-09/Workspace/Advance Demo/Automation3.30to5.00/target/surefire 2024-09-12T16-16-57_495-jvmRun1 surefire-20240912161657612_1tmp surefire_0-20240912161657612_2tmp"/>
    <property name="jdk.debug" value="release"/>
    <property name="surefire.test.class.path" value="/home/lab-01-09/Workspace/Advance Demo/Automation3.30to5.00/target/test-classes:/home/lab-01-09/Workspace/Advance Demo/Automation3.30to5.00/target/classes:/home/lab-01-09/.m2/repository/org/seleniumhq/selenium/selenium-java/4.22.0/selenium-java-4.22.0.jar:/home/lab-01-09/.m2/repository/org/seleniumhq/selenium/selenium-api/4.22.0/selenium-api-4.22.0.jar:/home/lab-01-09/.m2/repository/org/seleniumhq/selenium/selenium-chrome-driver/4.22.0/selenium-chrome-driver-4.22.0.jar:/home/lab-01-09/.m2/repository/com/google/auto/service/auto-service-annotations/1.1.1/auto-service-annotations-1.1.1.jar:/home/lab-01-09/.m2/repository/org/seleniumhq/selenium/selenium-chromium-driver/4.22.0/selenium-chromium-driver-4.22.0.jar:/home/lab-01-09/.m2/repository/org/seleniumhq/selenium/selenium-json/4.22.0/selenium-json-4.22.0.jar:/home/lab-01-09/.m2/repository/org/seleniumhq/selenium/selenium-manager/4.22.0/selenium-manager-4.22.0.jar:/home/lab-01-09/.m2/repository/org/seleniumhq/selenium/selenium-devtools-v124/4.22.0/selenium-devtools-v124-4.22.0.jar:/home/lab-01-09/.m2/repository/org/seleniumhq/selenium/selenium-devtools-v125/4.22.0/selenium-devtools-v125-4.22.0.jar:/home/lab-01-09/.m2/repository/org/seleniumhq/selenium/selenium-devtools-v126/4.22.0/selenium-devtools-v126-4.22.0.jar:/home/lab-01-09/.m2/repository/org/seleniumhq/selenium/selenium-devtools-v85/4.22.0/selenium-devtools-v85-4.22.0.jar:/home/lab-01-09/.m2/repository/org/seleniumhq/selenium/selenium-edge-driver/4.22.0/selenium-edge-driver-4.22.0.jar:/home/lab-01-09/.m2/repository/org/seleniumhq/selenium/selenium-firefox-driver/4.22.0/selenium-firefox-driver-4.22.0.jar:/home/lab-01-09/.m2/repository/org/seleniumhq/selenium/selenium-http/4.22.0/selenium-http-4.22.0.jar:/home/lab-01-09/.m2/repository/dev/failsafe/failsafe/3.3.2/failsafe-3.3.2.jar:/home/lab-01-09/.m2/repository/org/seleniumhq/selenium/selenium-ie-driver/4.22.0/selenium-ie-driver-4.22.0.jar:/home/lab-01-09/.m2/repository/org/seleniumhq/selenium/selenium-remote-driver/4.22.0/selenium-remote-driver-4.22.0.jar:/home/lab-01-09/.m2/repository/com/google/guava/guava/33.2.1-jre/guava-33.2.1-jre.jar:/home/lab-01-09/.m2/repository/com/google/guava/failureaccess/1.0.2/failureaccess-1.0.2.jar:/home/lab-01-09/.m2/repository/com/google/guava/listenablefuture/9999.0-empty-to-avoid-conflict-with-guava/listenablefuture-9999.0-empty-to-avoid-conflict-with-guava.jar:/home/lab-01-09/.m2/repository/com/google/code/findbugs/jsr305/3.0.2/jsr305-3.0.2.jar:/home/lab-01-09/.m2/repository/org/checkerframework/checker-qual/3.42.0/checker-qual-3.42.0.jar:/home/lab-01-09/.m2/repository/com/google/errorprone/error_prone_annotations/2.26.1/error_prone_annotations-2.26.1.jar:/home/lab-01-09/.m2/repository/com/google/j2objc/j2objc-annotations/3.0.0/j2objc-annotations-3.0.0.jar:/home/lab-01-09/.m2/repository/io/opentelemetry/semconv/opentelemetry-semconv/1.25.0-alpha/opentelemetry-semconv-1.25.0-alpha.jar:/home/lab-01-09/.m2/repository/io/opentelemetry/opentelemetry-api/1.39.0/opentelemetry-api-1.39.0.jar:/home/lab-01-09/.m2/repository/io/opentelemetry/opentelemetry-context/1.39.0/opentelemetry-context-1.39.0.jar:/home/lab-01-09/.m2/repository/io/opentelemetry/opentelemetry-exporter-logging/1.39.0/opentelemetry-exporter-logging-1.39.0.jar:/home/lab-01-09/.m2/repository/io/opentelemetry/opentelemetry-sdk-common/1.39.0/opentelemetry-sdk-common-1.39.0.jar:/home/lab-01-09/.m2/repository/io/opentelemetry/opentelemetry-sdk-extension-autoconfigure-spi/1.39.0/opentelemetry-sdk-extension-autoconfigure-spi-1.39.0.jar:/home/lab-01-09/.m2/repository/io/opentelemetry/opentelemetry-sdk-extension-autoconfigure/1.39.0/opentelemetry-sdk-extension-autoconfigure-1.39.0.jar:/home/lab-01-09/.m2/repository/io/opentelemetry/opentelemetry-api-incubator/1.39.0-alpha/opentelemetry-api-incubator-1.39.0-alpha.jar:/home/lab-01-09/.m2/repository/io/opentelemetry/opentelemetry-sdk-trace/1.39.0/opentelemetry-sdk-trace-1.39.0.jar:/home/lab-01-09/.m2/repository/io/opentelemetry/opentelemetry-sdk/1.39.0/opentelemetry-sdk-1.39.0.jar:/home/lab-01-09/.m2/repository/io/opentelemetry/opentelemetry-sdk-metrics/1.39.0/opentelemetry-sdk-metrics-1.39.0.jar:/home/lab-01-09/.m2/repository/io/opentelemetry/opentelemetry-sdk-logs/1.39.0/opentelemetry-sdk-logs-1.39.0.jar:/home/lab-01-09/.m2/repository/net/bytebuddy/byte-buddy/1.14.17/byte-buddy-1.14.17.jar:/home/lab-01-09/.m2/repository/org/seleniumhq/selenium/selenium-os/4.22.0/selenium-os-4.22.0.jar:/home/lab-01-09/.m2/repository/org/apache/commons/commons-exec/1.4.0/commons-exec-1.4.0.jar:/home/lab-01-09/.m2/repository/org/seleniumhq/selenium/selenium-safari-driver/4.22.0/selenium-safari-driver-4.22.0.jar:/home/lab-01-09/.m2/repository/org/seleniumhq/selenium/selenium-support/4.22.0/selenium-support-4.22.0.jar:/home/lab-01-09/.m2/repository/org/apache/poi/poi-ooxml/5.3.0/poi-ooxml-5.3.0.jar:/home/lab-01-09/.m2/repository/org/apache/poi/poi/5.3.0/poi-5.3.0.jar:/home/lab-01-09/.m2/repository/commons-codec/commons-codec/1.17.0/commons-codec-1.17.0.jar:/home/lab-01-09/.m2/repository/org/apache/commons/commons-math3/3.6.1/commons-math3-3.6.1.jar:/home/lab-01-09/.m2/repository/com/zaxxer/SparseBitSet/1.3/SparseBitSet-1.3.jar:/home/lab-01-09/.m2/repository/org/apache/poi/poi-ooxml-lite/5.3.0/poi-ooxml-lite-5.3.0.jar:/home/lab-01-09/.m2/repository/org/apache/xmlbeans/xmlbeans/5.2.1/xmlbeans-5.2.1.jar:/home/lab-01-09/.m2/repository/org/apache/commons/commons-compress/1.26.2/commons-compress-1.26.2.jar:/home/lab-01-09/.m2/repository/org/apache/commons/commons-lang3/3.14.0/commons-lang3-3.14.0.jar:/home/lab-01-09/.m2/repository/com/github/virtuald/curvesapi/1.08/curvesapi-1.08.jar:/home/lab-01-09/.m2/repository/org/apache/commons/commons-collections4/4.4/commons-collections4-4.4.jar:/home/lab-01-09/.m2/repository/org/testng/testng/7.10.2/testng-7.10.2.jar:/home/lab-01-09/.m2/repository/org/slf4j/slf4j-api/1.7.36/slf4j-api-1.7.36.jar:/home/lab-01-09/.m2/repository/com/beust/jcommander/1.82/jcommander-1.82.jar:/home/lab-01-09/.m2/repository/org/webjars/jquery/3.7.1/jquery-3.7.1.jar:/home/lab-01-09/.m2/repository/commons-io/commons-io/2.16.1/commons-io-2.16.1.jar:/home/lab-01-09/.m2/repository/org/apache/logging/log4j/log4j-core/2.23.1/log4j-core-2.23.1.jar:/home/lab-01-09/.m2/repository/org/apache/logging/log4j/log4j-api/2.23.1/log4j-api-2.23.1.jar:/home/lab-01-09/.m2/repository/io/cucumber/cucumber-java/7.18.1/cucumber-java-7.18.1.jar:/home/lab-01-09/.m2/repository/org/apiguardian/apiguardian-api/1.1.2/apiguardian-api-1.1.2.jar:/home/lab-01-09/.m2/repository/io/cucumber/cucumber-junit/7.18.1/cucumber-junit-7.18.1.jar:/home/lab-01-09/.m2/repository/junit/junit/4.13.2/junit-4.13.2.jar:/home/lab-01-09/.m2/repository/org/hamcrest/hamcrest-core/1.3/hamcrest-core-1.3.jar:/home/lab-01-09/.m2/repository/io/cucumber/cucumber-core/7.18.1/cucumber-core-7.18.1.jar:/home/lab-01-09/.m2/repository/io/cucumber/cucumber-gherkin/7.18.1/cucumber-gherkin-7.18.1.jar:/home/lab-01-09/.m2/repository/io/cucumber/cucumber-gherkin-messages/7.18.1/cucumber-gherkin-messages-7.18.1.jar:/home/lab-01-09/.m2/repository/io/cucumber/gherkin/28.0.0/gherkin-28.0.0.jar:/home/lab-01-09/.m2/repository/io/cucumber/messages/24.1.0/messages-24.1.0.jar:/home/lab-01-09/.m2/repository/io/cucumber/testng-xml-formatter/0.2.0/testng-xml-formatter-0.2.0.jar:/home/lab-01-09/.m2/repository/io/cucumber/query/12.2.0/query-12.2.0.jar:/home/lab-01-09/.m2/repository/io/cucumber/tag-expressions/6.1.0/tag-expressions-6.1.0.jar:/home/lab-01-09/.m2/repository/io/cucumber/cucumber-expressions/17.1.0/cucumber-expressions-17.1.0.jar:/home/lab-01-09/.m2/repository/io/cucumber/datatable/7.18.1/datatable-7.18.1.jar:/home/lab-01-09/.m2/repository/io/cucumber/cucumber-plugin/7.18.1/cucumber-plugin-7.18.1.jar:/home/lab-01-09/.m2/repository/io/cucumber/docstring/7.18.1/docstring-7.18.1.jar:/home/lab-01-09/.m2/repository/io/cucumber/html-formatter/21.4.1/html-formatter-21.4.1.jar:/home/lab-01-09/.m2/repository/io/cucumber/junit-xml-formatter/0.5.0/junit-xml-formatter-0.5.0.jar:/home/lab-01-09/.m2/repository/io/cucumber/ci-environment/10.0.1/ci-environment-10.0.1.jar:"/>
    <property name="sun.cpu.endian" value="little"/>
    <property name="user.home" value="/home/lab-01-09"/>
    <property name="user.language" value="en"/>
    <property name="java.specification.vendor" value="Oracle Corporation"/>
    <property name="java.version.date" value="2024-01-16"/>
    <property name="java.home" value="/home/lab-01-09/Desktop/eclipse/plugins/org.eclipse.justj.openjdk.hotspot.jre.full.linux.x86_64_17.0.10.v20240120-1143/jre"/>
    <property name="file.separator" value="/"/>
    <property name="style.color" value="always"/>
    <property name="basedir" value="/home/lab-01-09/Workspace/Advance Demo/Automation3.30to5.00"/>
    <property name="java.vm.compressedOopsMode" value="32-bit"/>
    <property name="line.separator" value="&#10;"/>
    <property name="java.vm.specification.vendor" value="Oracle Corporation"/>
    <property name="java.specification.name" value="Java Platform API Specification"/>
    <property name="surefire.real.class.path" value="/home/lab-01-09/Workspace/Advance Demo/Automation3.30to5.00/target/surefire/surefirebooter-20240912161657612_3.jar"/>
    <property name="sun.management.compiler" value="HotSpot 64-Bit Tiered Compilers"/>
    <property name="java.runtime.version" value="17.0.10+7"/>
    <property name="user.name" value="lab-01-09"/>
    <property name="path.separator" value=":"/>
    <property name="os.version" value="5.15.0-116-generic"/>
    <property name="java.runtime.name" value="OpenJDK Runtime Environment"/>
    <property name="file.encoding" value="UTF-8"/>
    <property name="java.vm.name" value="OpenJDK 64-Bit Server VM"/>
    <property name="java.vendor.version" value="Temurin-17.0.10+7"/>
    <property name="localRepository" value="/home/lab-01-09/.m2/repository"/>
    <property name="java.vendor.url.bug" value="https://github.com/adoptium/adoptium-support/issues"/>
    <property name="java.io.tmpdir" value="/tmp"/>
    <property name="java.version" value="17.0.10"/>
    <property name="user.dir" value="/home/lab-01-09/Workspace/Advance Demo/Automation3.30to5.00"/>
    <property name="os.arch" value="amd64"/>
    <property name="java.vm.specification.name" value="Java Virtual Machine Specification"/>
    <property name="native.encoding" value="UTF-8"/>
    <property name="java.library.path" value="/usr/java/packages/lib:/usr/lib64:/lib64:/lib:/usr/lib"/>
    <property name="java.vm.info" value="mixed mode"/>
    <property name="java.vendor" value="Eclipse Adoptium"/>
    <property name="java.vm.version" value="17.0.10+7"/>
    <property name="sun.io.unicode.encoding" value="UnicodeLittle"/>
    <property name="java.class.version" value="61.0"/>
  </properties>
  <testcase name="Login" classname="log4jDemo.CrossBrowsingTestingAndStoreLogsInFile" time="6.222">
    <system-err><![CDATA[SLF4J: Failed to load class "org.slf4j.impl.StaticLoggerBinder".
SLF4J: Defaulting to no-operation (NOP) logger implementation
SLF4J: See http://www.slf4j.org/codes.html#StaticLoggerBinder for further details.
]]></system-err>
  </testcase>
  <testcase name="Login" classname="log4jDemo.CrossBrowsingTestingAndStoreLogsInFile" time="6.497"/>
</testsuite>