<?xml version="1.0" encoding="UTF-8"?>
<!-- Generated by org.testng.reporters.JUnitReportReporter -->
<testsuite hostname="lab-01-09" failures="0" tests="1" name="com.ApiTesting.CheckResponseContain" time="1.107" errors="0" timestamp="2024-10-09T16:39:49 IST" skipped="0">
  <testcase classname="com.ApiTesting.CheckResponseContain" name="responseBodyContain" time="1.107"/>
</testsuite> <!-- com.ApiTesting.CheckResponseContain -->
