<?xml version="1.0" encoding="UTF-8"?>
<!-- Generated by org.testng.reporters.JUnitReportReporter -->
<testsuite hostname="lab-01-09" failures="0" tests="4" name="testNG.FrontAccounting" time="57.621" errors="0" timestamp="2024-08-07T16:09:07 IST" skipped="0">
  <testcase classname="testNG.FrontAccounting" name="login" time="15.059"/>
  <testcase classname="testNG.FrontAccounting" name="login" time="15.058"/>
  <testcase classname="testNG.FrontAccounting" name="login" time="13.214"/>
  <testcase classname="testNG.FrontAccounting" name="login" time="14.290"/>
</testsuite> <!-- testNG.FrontAccounting -->
