<?xml version="1.0" encoding="UTF-8"?>
<!-- Generated by org.testng.reporters.JUnitReportReporter -->
<testsuite hostname="lab-01-09" failures="0" tests="4" name="testNG.CustomizedReport" time="10.126" errors="0" timestamp="2024-08-13T16:04:43 IST" skipped="0">
  <testcase classname="testNG.CustomizedReport" name="login" time="5.243">
    <system-out>
      <![CDATA[username has been clear
username value has been sent and that value is demouser
password has been clear
password value has been sent and that value is password
user click on login button 
user login successfully ]]>
    </system-out>
  </testcase> <!-- login -->
  <testcase classname="testNG.CustomizedReport" name="login" time="1.237">
    <system-out>
      <![CDATA[username has been clear
username value has been sent and that value is duser
password has been clear
password value has been sent and that value is pword
user click on login button 
user is not able to login]]>
    </system-out>
  </testcase> <!-- login -->
  <testcase classname="testNG.CustomizedReport" name="login" time="1.385">
    <system-out>
      <![CDATA[username has been clear
username value has been sent and that value is demou
password has been clear
password value has been sent and that value is passd
user click on login button 
user is not able to login]]>
    </system-out>
  </testcase> <!-- login -->
  <testcase classname="testNG.CustomizedReport" name="login" time="2.261">
    <system-out>
      <![CDATA[username has been clear
username value has been sent and that value is userdemo
password has been clear
password value has been sent and that value is password
user click on login button 
user is not able to login]]>
    </system-out>
  </testcase> <!-- login -->
  <system-out>
    <![CDATA[username has been clear
username value has been sent and that value is userdemo
password has been clear
password value has been sent and that value is password
user click on login button 
user is not able to login
username has been clear
username value has been sent and that value is demouser
password has been clear
password value has been sent and that value is password
user click on login button 
user login successfully 
username has been clear
username value has been sent and that value is duser
password has been clear
password value has been sent and that value is pword
user click on login button 
user is not able to login
username has been clear
username value has been sent and that value is demou
password has been clear
password value has been sent and that value is passd
user click on login button 
user is not able to login]]>
  </system-out>
</testsuite> <!-- testNG.CustomizedReport -->
