<?xml version="1.0" encoding="UTF-8"?>
<!-- Generated by org.testng.reporters.JUnitReportReporter -->
<testsuite hostname="lab-01-09" failures="0" tests="2" name="testNG.Demo" time="3.031" errors="0" timestamp="2024-08-05T16:37:29 IST" skipped="0">
  <testcase classname="testNG.Demo" name="facebook2" time="1.446"/>
  <testcase classname="testNG.Demo" name="facebook1" time="1.585"/>
</testsuite> <!-- testNG.Demo -->
