<?xml version="1.0" encoding="UTF-8"?>
<!-- Generated by org.testng.reporters.JUnitReportReporter -->
<testsuite hostname="lab-01-09" failures="0" tests="1" name="log4jDemo.SauceDemo" time="1.839" errors="0" timestamp="2024-10-17T19:20:15 IST" skipped="0">
  <testcase classname="log4jDemo.SauceDemo" name="login" time="1.839"/>
</testsuite> <!-- log4jDemo.SauceDemo -->
