<?xml version="1.0" encoding="UTF-8"?>
<!-- Generated by org.testng.reporters.JUnitReportReporter -->
<testsuite hostname="lab-01-09" failures="0" tests="1" name="com.ApiTesting.ValidateResponseTime" time="1.326" errors="0" timestamp="2024-10-08T15:50:17 IST" skipped="0">
  <testcase classname="com.ApiTesting.ValidateResponseTime" name="time" time="1.326"/>
</testsuite> <!-- com.ApiTesting.ValidateResponseTime -->
