<?xml version="1.0" encoding="UTF-8"?>
<!-- Generated by org.testng.reporters.JUnitReportReporter -->
<testsuite hostname="lab-01-09" failures="0" tests="1" name="com.ApiTesting.GET_Method" time="1.357" errors="0" timestamp="2024-10-07T15:37:55 IST" skipped="0">
  <testcase classname="com.ApiTesting.GET_Method" name="info" time="1.357"/>
</testsuite> <!-- com.ApiTesting.GET_Method -->
