<?xml version="1.0" encoding="UTF-8"?>
<!-- Generated by org.testng.reporters.JUnitReportReporter -->
<testsuite hostname="lab-01-09" failures="0" tests="2" name="log4jDemo.CrossBrowsingTestingAndStoreLogsInFile" time="25.994" errors="0" timestamp="2024-09-05T16:21:28 IST" skipped="0">
  <testcase classname="log4jDemo.CrossBrowsingTestingAndStoreLogsInFile" name="Login" time="12.227"/>
  <testcase classname="log4jDemo.CrossBrowsingTestingAndStoreLogsInFile" name="Login" time="13.767"/>
</testsuite> <!-- log4jDemo.CrossBrowsingTestingAndStoreLogsInFile -->
