<?xml version="1.0" encoding="UTF-8"?>
<!-- Generated by org.testng.reporters.JUnitReportReporter -->
<testsuite hostname="lab-01-09" failures="0" tests="2" name="testNG.Annotation" time="15.280" errors="0" timestamp="2024-08-06T16:53:37 IST" skipped="0">
  <testcase classname="testNG.Annotation" name="login" time="7.710"/>
  <testcase classname="testNG.Annotation" name="login1" time="7.570"/>
</testsuite> <!-- testNG.Annotation -->
