<?xml version="1.0" encoding="UTF-8"?>
<!-- Generated by org.testng.reporters.JUnitReportReporter -->
<testsuite hostname="lab-01-09" failures="0" tests="2" name="log4jDemo.CrossBrowsingTestingAndStoreLogsInFile" time="25.883" errors="0" timestamp="2024-09-12T16:17:24 IST" skipped="0">
  <testcase classname="log4jDemo.CrossBrowsingTestingAndStoreLogsInFile" name="Login" time="11.959"/>
  <testcase classname="log4jDemo.CrossBrowsingTestingAndStoreLogsInFile" name="Login" time="13.924"/>
</testsuite> <!-- log4jDemo.CrossBrowsingTestingAndStoreLogsInFile -->
